2023-04-25 06:43:57,003 INFO com.sun.emp.EmpAppApplication [restartedMain] Starting EmpAppApplication using Java 17.0.4 with PID 8940 (D:\Spring\emp-app\target\classes started by Dell in D:\Spring\emp-app)
2023-04-25 06:43:57,012 INFO com.sun.emp.EmpAppApplication [restartedMain] No active profile set, falling back to 1 default profile: "default"
2023-04-25 06:43:57,271 INFO org.springframework.boot.devtools.env.DevToolsPropertyDefaultsPostProcessor [restartedMain] Devtools property defaults active! Set 'spring.devtools.add-properties' to 'false' to disable
2023-04-25 06:43:57,271 INFO org.springframework.boot.devtools.env.DevToolsPropertyDefaultsPostProcessor [restartedMain] For additional web related logging consider setting the 'logging.level.web' property to 'DEBUG'
2023-04-25 06:44:01,192 INFO org.springframework.data.repository.config.RepositoryConfigurationDelegate [restartedMain] Bootstrapping Spring Data JPA repositories in DEFAULT mode.
2023-04-25 06:44:01,485 INFO org.springframework.data.repository.config.RepositoryConfigurationDelegate [restartedMain] Finished Spring Data repository scanning in 230 ms. Found 1 JPA repository interfaces.
2023-04-25 06:44:05,351 INFO org.springframework.boot.web.embedded.tomcat.TomcatWebServer [restartedMain] Tomcat initialized with port(s): 8080 (http)
2023-04-25 06:44:05,397 INFO org.apache.catalina.core.StandardService [restartedMain] Starting service [Tomcat]
2023-04-25 06:44:05,398 INFO org.apache.catalina.core.StandardEngine [restartedMain] Starting Servlet engine: [Apache Tomcat/10.1.5]
2023-04-25 06:44:05,667 INFO org.apache.catalina.core.ContainerBase.[Tomcat].[localhost].[/] [restartedMain] Initializing Spring embedded WebApplicationContext
2023-04-25 06:44:05,667 INFO org.springframework.boot.web.servlet.context.ServletWebServerApplicationContext [restartedMain] Root WebApplicationContext: initialization completed in 8395 ms
2023-04-25 06:44:07,412 INFO org.hibernate.jpa.internal.util.LogHelper [restartedMain] HHH000204: Processing PersistenceUnitInfo [name: default]
2023-04-25 06:44:07,574 INFO org.hibernate.Version [restartedMain] HHH000412: Hibernate ORM core version 6.1.7.Final
2023-04-25 06:44:08,322 INFO com.zaxxer.hikari.HikariDataSource [restartedMain] HikariPool-1 - Starting...
2023-04-25 06:44:08,951 INFO com.zaxxer.hikari.pool.HikariPool [restartedMain] HikariPool-1 - Added connection com.mysql.cj.jdbc.ConnectionImpl@2f43e947
2023-04-25 06:44:08,955 INFO com.zaxxer.hikari.HikariDataSource [restartedMain] HikariPool-1 - Start completed.
2023-04-25 06:44:09,112 INFO SQL dialect [restartedMain] HHH000400: Using dialect: org.hibernate.dialect.MySQLDialect
2023-04-25 06:44:11,088 INFO org.hibernate.engine.transaction.jta.platform.internal.JtaPlatformInitiator [restartedMain] HHH000490: Using JtaPlatform implementation: [org.hibernate.engine.transaction.jta.platform.internal.NoJtaPlatform]
2023-04-25 06:44:11,109 INFO org.springframework.orm.jpa.LocalContainerEntityManagerFactoryBean [restartedMain] Initialized JPA EntityManagerFactory for persistence unit 'default'
2023-04-25 06:44:12,634 WARN org.springframework.boot.autoconfigure.orm.jpa.JpaBaseConfiguration$JpaWebConfiguration [restartedMain] spring.jpa.open-in-view is enabled by default. Therefore, database queries may be performed during view rendering. Explicitly configure spring.jpa.open-in-view to disable this warning
2023-04-25 06:44:13,546 INFO org.springframework.boot.devtools.autoconfigure.OptionalLiveReloadServer [restartedMain] LiveReload server is running on port 35729
2023-04-25 06:44:13,613 INFO org.springframework.boot.web.embedded.tomcat.TomcatWebServer [restartedMain] Tomcat started on port(s): 8080 (http) with context path ''
2023-04-25 06:44:13,630 INFO com.sun.emp.EmpAppApplication [restartedMain] Started EmpAppApplication in 18.222 seconds (process running for 22.206)
2023-04-25 06:49:25,045 INFO org.apache.catalina.core.ContainerBase.[Tomcat].[localhost].[/] [http-nio-8080-exec-1] Initializing Spring DispatcherServlet 'dispatcherServlet'
2023-04-25 06:49:25,046 INFO org.springframework.web.servlet.DispatcherServlet [http-nio-8080-exec-1] Initializing Servlet 'dispatcherServlet'
2023-04-25 06:49:25,048 INFO org.springframework.web.servlet.DispatcherServlet [http-nio-8080-exec-1] Completed initialization in 2 ms
2023-04-25 07:00:09,248 INFO org.springframework.boot.admin.SpringApplicationAdminMXBeanRegistrar$SpringApplicationAdmin [RMI TCP Connection(19)-127.0.0.1] Application shutdown requested.
2023-04-25 07:00:09,355 INFO org.apache.catalina.core.StandardService [RMI TCP Connection(19)-127.0.0.1] Stopping service [Tomcat]
2023-04-25 07:00:09,359 INFO org.apache.catalina.core.ContainerBase.[Tomcat].[localhost].[/] [RMI TCP Connection(19)-127.0.0.1] Destroying Spring FrameworkServlet 'dispatcherServlet'
2023-04-25 07:00:09,372 INFO org.springframework.orm.jpa.LocalContainerEntityManagerFactoryBean [RMI TCP Connection(19)-127.0.0.1] Closing JPA EntityManagerFactory for persistence unit 'default'
2023-04-25 07:00:09,379 INFO com.zaxxer.hikari.HikariDataSource [RMI TCP Connection(19)-127.0.0.1] HikariPool-1 - Shutdown initiated...
2023-04-25 07:00:09,429 INFO com.zaxxer.hikari.HikariDataSource [RMI TCP Connection(19)-127.0.0.1] HikariPool-1 - Shutdown completed.
